This is pdfTeX, Version 3.14159265-2.6-1.40.21 (MiKTeX 20.10) (preloaded format=pdflatex 2020.10.19)  13 APR 2021 11:35
entering extended mode
**./Projektbericht_main.tex
(Projektbericht_main.tex
LaTeX2e <2020-10-01> patch level 1
L3 programming layer <2020-10-05> xparse <2020-03-03> (header/header.tex
("C:\Users\chris\AppData\Local\Programs\MiKTeX 2.9\tex/latex/base\article.cls"
Document Class: article 2020/04/10 v1.4m Standard LaTeX document class
("C:\Users\chris\AppData\Local\Programs\MiKTeX 2.9\tex/latex/base\size11.clo"
File: size11.clo 2020/04/10 v1.4m Standard LaTeX file (size option)
)
\c@part=\count175
\c@section=\count176
\c@subsection=\count177
\c@subsubsection=\count178
\c@paragraph=\count179
\c@subparagraph=\count180
\c@figure=\count181
\c@table=\count182
\abovecaptionskip=\skip47
\belowcaptionskip=\skip48
\bibindent=\dimen138
)
("C:\Users\chris\AppData\Local\Programs\MiKTeX 2.9\tex/latex/geometry\geometry.
sty"
Package: geometry 2020/01/02 v5.9 Page Geometry

("C:\Users\chris\AppData\Local\Programs\MiKTeX 2.9\tex/latex/graphics\keyval.st
y"
Package: keyval 2014/10/28 v1.15 key=value parser (DPC)
\KV@toks@=\toks15
)
("C:\Users\chris\AppData\Local\Programs\MiKTeX 2.9\tex/generic/iftex\ifvtex.sty
"
Package: ifvtex 2019/10/25 v1.7 ifvtex legacy package. Use iftex instead.
 ("C:\Users\chris\AppData\Local\Programs\MiKTeX 2.9\tex/generic/iftex\iftex.sty
"
Package: iftex 2020/03/06 v1.0d TeX engine tests
))
\Gm@cnth=\count183
\Gm@cntv=\count184
\c@Gm@tempcnt=\count185
\Gm@bindingoffset=\dimen139
\Gm@wd@mp=\dimen140
\Gm@odd@mp=\dimen141
\Gm@even@mp=\dimen142
\Gm@layoutwidth=\dimen143
\Gm@layoutheight=\dimen144
\Gm@layouthoffset=\dimen145
\Gm@layoutvoffset=\dimen146
\Gm@dimlist=\toks16

("C:\Users\chris\AppData\Local\Programs\MiKTeX 2.9\tex/latex/geometry\geometry.
cfg"))
("C:\Users\chris\AppData\Local\Programs\MiKTeX 2.9\tex/latex/fancyhdr\fancyhdr.
sty"
Package: fancyhdr 2019/01/31 v3.10 Extensive control of page headers and footer
s
\f@nch@headwidth=\skip49
\f@nch@O@elh=\skip50
\f@nch@O@erh=\skip51
\f@nch@O@olh=\skip52
\f@nch@O@orh=\skip53
\f@nch@O@elf=\skip54
\f@nch@O@erf=\skip55
\f@nch@O@olf=\skip56
\f@nch@O@orf=\skip57
) ("C:\Users\chris\AppData\Local\Programs\MiKTeX 2.9\tex/latex/ulem\ulem.sty"
\UL@box=\box47
\UL@hyphenbox=\box48
\UL@skip=\skip58
\UL@hook=\toks17
\UL@height=\dimen147
\UL@pe=\count186
\UL@pixel=\dimen148
\ULC@box=\box49
Package: ulem 2019/11/18
\ULdepth=\dimen149
)
("C:\Users\chris\AppData\Local\Programs\MiKTeX 2.9\tex/latex/amsfonts\amsfonts.
sty"
Package: amsfonts 2013/01/14 v3.01 Basic AMSFonts support
\@emptytoks=\toks18
\symAMSa=\mathgroup4
\symAMSb=\mathgroup5
LaTeX Font Info:    Redeclaring math symbol \hbar on input line 98.
LaTeX Font Info:    Overwriting math alphabet `\mathfrak' in version `bold'
(Font)                  U/euf/m/n --> U/euf/b/n on input line 106.
)
("C:\Users\chris\AppData\Local\Programs\MiKTeX 2.9\tex/latex/setspace\setspace.
sty"
Package: setspace 2011/12/19 v6.7a set line spacing
)
("C:\Users\chris\AppData\Local\Programs\MiKTeX 2.9\tex/latex/tools\indentfirst.
sty"
Package: indentfirst 1995/11/23 v1.03 Indent first paragraph (DPC)
)
("C:\Users\chris\AppData\Local\Programs\MiKTeX 2.9\tex/latex/base\inputenc.sty"
Package: inputenc 2020/08/01 v1.3d Input encoding file
\inpenc@prehook=\toks19
\inpenc@posthook=\toks20
) ("C:\Users\chris\AppData\Local\Programs\MiKTeX 2.9\tex/generic/babel\babel.st
y"
Package: babel 2020/10/06 3.50 The Babel package

("C:\Users\chris\AppData\Local\Programs\MiKTeX 2.9\tex/generic/babel\babel.def"
File: babel.def 2020/10/06 3.50 Babel common definitions
\babel@savecnt=\count187
\U@D=\dimen150
\l@babelnohyphens=\language83

("C:\Users\chris\AppData\Local\Programs\MiKTeX 2.9\tex/generic/babel\txtbabel.d
ef")
\bbl@readstream=\read2
)
\bbl@dirlevel=\count188

*************************************
* Local config file bblopts.cfg used
*
("C:\Users\chris\AppData\Local\Programs\MiKTeX 2.9\tex/latex/arabi\bblopts.cfg"
File: bblopts.cfg 2005/09/08 v0.1 add Arabic and Farsi to "declared" options of
 babel
)
("C:\Users\chris\AppData\Local\Programs\MiKTeX 2.9\tex/latex/babel-german\ngerm
an.ldf"
Language: ngerman 2020/07/21 v2.12 German support for babel (post-1996 orthogra
phy)

("C:\Users\chris\AppData\Local\Programs\MiKTeX 2.9\tex/latex/babel-german\ngerm
anb.ldf"
Language: ngermanb 2020/07/21 v2.12 German support for babel (post-1996 orthogr
aphy)
Package babel Info: Making " an active character on input line 121.
)))
("C:\Users\chris\AppData\Local\Programs\MiKTeX 2.9\tex/latex/base\fontenc.sty"
Package: fontenc 2020/08/10 v2.0s Standard LaTeX package
)
("C:\Users\chris\AppData\Local\Programs\MiKTeX 2.9\tex/latex/graphics\graphicx.
sty"
Package: graphicx 2020/09/09 v1.2b Enhanced LaTeX Graphics (DPC,SPQR)

("C:\Users\chris\AppData\Local\Programs\MiKTeX 2.9\tex/latex/graphics\graphics.
sty"
Package: graphics 2020/08/30 v1.4c Standard LaTeX Graphics (DPC,SPQR)

("C:\Users\chris\AppData\Local\Programs\MiKTeX 2.9\tex/latex/graphics\trig.sty"
Package: trig 2016/01/03 v1.10 sin cos tan (DPC)
)
("C:\Users\chris\AppData\Local\Programs\MiKTeX 2.9\tex/latex/graphics-cfg\graph
ics.cfg"
File: graphics.cfg 2016/06/04 v1.11 sample graphics configuration
)
Package graphics Info: Driver file: pdftex.def on input line 105.

("C:\Users\chris\AppData\Local\Programs\MiKTeX 2.9\tex/latex/graphics-def\pdfte
x.def"
File: pdftex.def 2020/10/05 v1.2a Graphics/color driver for pdftex
))
\Gin@req@height=\dimen151
\Gin@req@width=\dimen152
)
("C:\Users\chris\AppData\Local\Programs\MiKTeX 2.9\tex/latex/float\float.sty"
Package: float 2001/11/08 v1.3d Float enhancements (AL)
\c@float@type=\count189
\float@exts=\toks21
\float@box=\box50
\@float@everytoks=\toks22
\@floatcapt=\box51
)
("C:\Users\chris\AppData\Local\Programs\MiKTeX 2.9\tex/latex/caption\caption.st
y"
Package: caption 2020/09/12 v3.5b Customizing captions (AR)

("C:\Users\chris\AppData\Local\Programs\MiKTeX 2.9\tex/latex/caption\caption3.s
ty"
Package: caption3 2020/09/17 v2.1b caption3 kernel (AR)
\captionmargin=\dimen153
\captionmargin@=\dimen154
\captionwidth=\dimen155
\caption@tempdima=\dimen156
\caption@indent=\dimen157
\caption@parindent=\dimen158
\caption@hangindent=\dimen159
Package caption Info: Standard document class detected.
)
\c@caption@flags=\count190
\c@continuedfloat=\count191
Package caption Info: float package is loaded.
)
("C:\Users\chris\AppData\Local\Programs\MiKTeX 2.9\tex/latex/acronym\acronym.st
y"
Package: acronym 2020/04/17 v1.47 Support for acronyms (Tobias Oetiker)

("C:\Users\chris\AppData\Local\Programs\MiKTeX 2.9\tex/latex/bigfoot\suffix.sty
"
Package: suffix 2006/07/15 1.5a Variant command support
)
("C:\Users\chris\AppData\Local\Programs\MiKTeX 2.9\tex/latex/xstring\xstring.st
y"
("C:\Users\chris\AppData\Local\Programs\MiKTeX 2.9\tex/generic/xstring\xstring.
tex"
\integerpart=\count192
\decimalpart=\count193
)
Package: xstring 2019/02/06 v1.83 String manipulations (CT)
)
\AC@clearlist=\toks23
)
("C:\Users\chris\AppData\Local\Programs\MiKTeX 2.9\tex/latex/titleref\titleref.
sty"
Package: titleref 2001/04/05 v3.1  Cross-references with titles.
)
("C:\Users\chris\AppData\Local\Programs\MiKTeX 2.9\tex/latex/hyperref\hyperref.
sty"
Package: hyperref 2020-05-15 v7.00e Hypertext links for LaTeX

("C:\Users\chris\AppData\Local\Programs\MiKTeX 2.9\tex/generic/ltxcmds\ltxcmds.
sty"
Package: ltxcmds 2020-05-10 v1.25 LaTeX kernel commands for general use (HO)
)
("C:\Users\chris\AppData\Local\Programs\MiKTeX 2.9\tex/generic/pdftexcmds\pdfte
xcmds.sty"
Package: pdftexcmds 2020-06-27 v0.33 Utility functions of pdfTeX for LuaTeX (HO
)

("C:\Users\chris\AppData\Local\Programs\MiKTeX 2.9\tex/generic/infwarerr\infwar
err.sty"
Package: infwarerr 2019/12/03 v1.5 Providing info/warning/error messages (HO)
)
Package pdftexcmds Info: \pdf@primitive is available.
Package pdftexcmds Info: \pdf@ifprimitive is available.
Package pdftexcmds Info: \pdfdraftmode found.
)
("C:\Users\chris\AppData\Local\Programs\MiKTeX 2.9\tex/generic/kvsetkeys\kvsetk
eys.sty"
Package: kvsetkeys 2019/12/15 v1.18 Key value parser (HO)
)
("C:\Users\chris\AppData\Local\Programs\MiKTeX 2.9\tex/generic/kvdefinekeys\kvd
efinekeys.sty"
Package: kvdefinekeys 2019-12-19 v1.6 Define keys (HO)
)
("C:\Users\chris\AppData\Local\Programs\MiKTeX 2.9\tex/generic/pdfescape\pdfesc
ape.sty"
Package: pdfescape 2019/12/09 v1.15 Implements pdfTeX's escape features (HO)
)
("C:\Users\chris\AppData\Local\Programs\MiKTeX 2.9\tex/latex/hycolor\hycolor.st
y"
Package: hycolor 2020-01-27 v1.10 Color options for hyperref/bookmark (HO)
)
("C:\Users\chris\AppData\Local\Programs\MiKTeX 2.9\tex/latex/letltxmacro\letltx
macro.sty"
Package: letltxmacro 2019/12/03 v1.6 Let assignment for LaTeX macros (HO)
)
("C:\Users\chris\AppData\Local\Programs\MiKTeX 2.9\tex/latex/auxhook\auxhook.st
y"
Package: auxhook 2019-12-17 v1.6 Hooks for auxiliary files (HO)
)
("C:\Users\chris\AppData\Local\Programs\MiKTeX 2.9\tex/latex/kvoptions\kvoption
s.sty"
Package: kvoptions 2019/11/29 v3.13 Key value format for package options (HO)
)
\@linkdim=\dimen160
\Hy@linkcounter=\count194
\Hy@pagecounter=\count195

("C:\Users\chris\AppData\Local\Programs\MiKTeX 2.9\tex/latex/hyperref\pd1enc.de
f"
File: pd1enc.def 2020-05-15 v7.00e Hyperref: PDFDocEncoding definition (HO)
Now handling font encoding PD1 ...
... no UTF-8 mapping file for font encoding PD1
)
("C:\Users\chris\AppData\Local\Programs\MiKTeX 2.9\tex/generic/intcalc\intcalc.
sty"
Package: intcalc 2019/12/15 v1.3 Expandable calculations with integers (HO)
)
("C:\Users\chris\AppData\Local\Programs\MiKTeX 2.9\tex/generic/etexcmds\etexcmd
s.sty"
Package: etexcmds 2019/12/15 v1.7 Avoid name clashes with e-TeX commands (HO)
)
\Hy@SavedSpaceFactor=\count196
Package hyperref Info: Option `colorlinks' set `true' on input line 4338.
Package hyperref Info: Hyper figures OFF on input line 4464.
Package hyperref Info: Link nesting OFF on input line 4469.
Package hyperref Info: Hyper index ON on input line 4472.
Package hyperref Info: Plain pages OFF on input line 4479.
Package hyperref Info: Backreferencing OFF on input line 4484.
Package hyperref Info: Implicit mode ON; LaTeX internals redefined.
Package hyperref Info: Bookmarks ON on input line 4717.
\c@Hy@tempcnt=\count197
 ("C:\Users\chris\AppData\Local\Programs\MiKTeX 2.9\tex/latex/url\url.sty"
\Urlmuskip=\muskip16
Package: url 2013/09/16  ver 3.4  Verb mode for urls, etc.
)
LaTeX Info: Redefining \url on input line 5076.
\XeTeXLinkMargin=\dimen161

("C:\Users\chris\AppData\Local\Programs\MiKTeX 2.9\tex/generic/bitset\bitset.st
y"
Package: bitset 2019/12/09 v1.3 Handle bit-vector datatype (HO)

("C:\Users\chris\AppData\Local\Programs\MiKTeX 2.9\tex/generic/bigintcalc\bigin
tcalc.sty"
Package: bigintcalc 2019/12/15 v1.5 Expandable calculations on big integers (HO
)
))
\Fld@menulength=\count198
\Field@Width=\dimen162
\Fld@charsize=\dimen163
Package hyperref Info: Hyper figures OFF on input line 6347.
Package hyperref Info: Link nesting OFF on input line 6352.
Package hyperref Info: Hyper index ON on input line 6355.
Package hyperref Info: backreferencing OFF on input line 6362.
Package hyperref Info: Link coloring ON on input line 6365.
Package hyperref Info: Link coloring with OCG OFF on input line 6372.
Package hyperref Info: PDF/A mode OFF on input line 6377.
LaTeX Info: Redefining \ref on input line 6417.
LaTeX Info: Redefining \pageref on input line 6421.

("C:\Users\chris\AppData\Local\Programs\MiKTeX 2.9\tex/latex/base\atbegshi-ltx.
sty"
Package: atbegshi-ltx 2020/08/17 v1.0a Emulation of the original atbegshi packa
ge
with kernel methods
)
\Hy@abspage=\count199
\c@Item=\count266
\c@Hfootnote=\count267
)
Package hyperref Info: Driver (autodetected): hpdftex.

("C:\Users\chris\AppData\Local\Programs\MiKTeX 2.9\tex/latex/hyperref\hpdftex.d
ef"
File: hpdftex.def 2020-05-15 v7.00e Hyperref driver for pdfTeX

("C:\Users\chris\AppData\Local\Programs\MiKTeX 2.9\tex/latex/base\atveryend-ltx
.sty"
Package: atveryend-ltx 2020/08/19 v1.0a Emulation of the original atvery packag
e
with kernel methods
)
\Fld@listcount=\count268
\c@bookmark@seq@number=\count269

("C:\Users\chris\AppData\Local\Programs\MiKTeX 2.9\tex/latex/rerunfilecheck\rer
unfilecheck.sty"
Package: rerunfilecheck 2019/12/05 v1.9 Rerun checks for auxiliary files (HO)

("C:\Users\chris\AppData\Local\Programs\MiKTeX 2.9\tex/generic/uniquecounter\un
iquecounter.sty"
Package: uniquecounter 2019/12/15 v1.4 Provide unlimited unique counter (HO)
)
Package uniquecounter Info: New unique counter `rerunfilecheck' on input line 2
86.
)
\Hy@SectionHShift=\skip59
))
("C:\Users\chris\AppData\Local\Programs\MiKTeX 2.9\tex/latex/l3backend\l3backen
d-pdftex.def"
File: l3backend-pdftex.def 2020-09-24 L3 backend support: PDF output (pdfTeX)
\l__kernel_color_stack_int=\count270
\l__pdf_internal_box=\box52
) (Projektbericht_main.aux)
\openout1 = `Projektbericht_main.aux'.

LaTeX Font Info:    Checking defaults for OML/cmm/m/it on input line 8.
LaTeX Font Info:    ... okay on input line 8.
LaTeX Font Info:    Checking defaults for OMS/cmsy/m/n on input line 8.
LaTeX Font Info:    ... okay on input line 8.
LaTeX Font Info:    Checking defaults for OT1/cmr/m/n on input line 8.
LaTeX Font Info:    ... okay on input line 8.
LaTeX Font Info:    Checking defaults for T1/cmr/m/n on input line 8.
LaTeX Font Info:    ... okay on input line 8.
LaTeX Font Info:    Checking defaults for TS1/cmr/m/n on input line 8.
LaTeX Font Info:    ... okay on input line 8.
LaTeX Font Info:    Checking defaults for OMX/cmex/m/n on input line 8.
LaTeX Font Info:    ... okay on input line 8.
LaTeX Font Info:    Checking defaults for U/cmr/m/n on input line 8.
LaTeX Font Info:    ... okay on input line 8.
LaTeX Font Info:    Checking defaults for PD1/pdf/m/n on input line 8.
LaTeX Font Info:    ... okay on input line 8.

*geometry* driver: auto-detecting
*geometry* detected driver: pdftex
*geometry* verbose mode - [ preamble ] result:
* driver: pdftex
* paper: a4paper
* layout: <same size as paper>
* layoutoffset:(h,v)=(0.0pt,0.0pt)
* modes: 
* h-part:(L,W,R)=(85.35826pt, 441.01773pt, 71.13188pt)
* v-part:(T,H,B)=(101.40665pt, 658.28194pt, 85.35826pt)
* \paperwidth=597.50787pt
* \paperheight=845.04684pt
* \textwidth=441.01773pt
* \textheight=658.28194pt
* \oddsidemargin=13.08827pt
* \evensidemargin=13.08827pt
* \topmargin=-7.86334pt
* \headheight=15.0pt
* \headsep=25.0pt
* \topskip=11.0pt
* \footskip=30.0pt
* \marginparwidth=50.0pt
* \marginparsep=10.0pt
* \columnsep=10.0pt
* \skip\footins=10.0pt plus 4.0pt minus 2.0pt
* \hoffset=0.0pt
* \voffset=0.0pt
* \mag=1000
* \@twocolumnfalse
* \@twosidefalse
* \@mparswitchfalse
* \@reversemarginfalse
* (1in=72.27pt=25.4mm, 1cm=28.453pt)


("C:\Users\chris\AppData\Local\Programs\MiKTeX 2.9\tex/context/base/mkii\supp-p
df.mkii"
[Loading MPS to PDF converter (version 2006.09.02).]
\scratchcounter=\count271
\scratchdimen=\dimen164
\scratchbox=\box53
\nofMPsegments=\count272
\nofMParguments=\count273
\everyMPshowfont=\toks24
\MPscratchCnt=\count274
\MPscratchDim=\dimen165
\MPnumerator=\count275
\makeMPintoPDFobject=\count276
\everyMPtoPDFconversion=\toks25
)
("C:\Users\chris\AppData\Local\Programs\MiKTeX 2.9\tex/latex/epstopdf-pkg\epsto
pdf-base.sty"
Package: epstopdf-base 2020-01-24 v2.11 Base part for package epstopdf
Package epstopdf-base Info: Redefining graphics rule for `.eps' on input line 4
85.
)
Package caption Info: Begin \AtBeginDocument code.
Package caption Info: hyperref package is loaded.
Package caption Info: End \AtBeginDocument code.

("C:\Users\chris\AppData\Local\Programs\MiKTeX 2.9\tex/latex/graphics\color.sty
"
Package: color 2020/02/24 v1.2b Standard LaTeX Color (DPC)

("C:\Users\chris\AppData\Local\Programs\MiKTeX 2.9\tex/latex/graphics-cfg\color
.cfg"
File: color.cfg 2016/01/02 v1.6 sample color configuration
)
Package color Info: Driver file: pdftex.def on input line 147.
)
Package hyperref Info: Link coloring ON on input line 8.

("C:\Users\chris\AppData\Local\Programs\MiKTeX 2.9\tex/latex/hyperref\nameref.s
ty"
Package: nameref 2019/09/16 v2.46 Cross-referencing by name of section

("C:\Users\chris\AppData\Local\Programs\MiKTeX 2.9\tex/latex/refcount\refcount.
sty"
Package: refcount 2019/12/15 v3.6 Data extraction from label references (HO)
)
("C:\Users\chris\AppData\Local\Programs\MiKTeX 2.9\tex/generic/gettitlestring\g
ettitlestring.sty"
Package: gettitlestring 2019/12/15 v1.6 Cleanup title references (HO)
)
\c@section@level=\count277
)
LaTeX Info: Redefining \ref on input line 8.
LaTeX Info: Redefining \pageref on input line 8.
LaTeX Info: Redefining \nameref on input line 8.
 (Projektbericht_main.out) (Projektbericht_main.out)
\@outlinefile=\write3
\openout3 = `Projektbericht_main.out'.


(titlepage/titlepage.tex
<titlepage/images/Logo_HAW_Landshut.png, id=194, 418.56375pt x 109.40875pt>
File: titlepage/images/Logo_HAW_Landshut.png Graphic file (type png)
<use titlepage/images/Logo_HAW_Landshut.png>
Package pdftex.def Info: titlepage/images/Logo_HAW_Landshut.png  used on input 
line 10.
(pdftex.def)             Requested size: 426.79134pt x 111.5587pt.
 [1

{C:/Users/chris/AppData/Local/MiKTeX/2.9/pdftex/config/pdftex.map} <./titlepage
/images/Logo_HAW_Landshut.png>]) (sec0/sec0.tex
[2]) (inserts/toc/toc.tex (Projektbericht_main.toc
LaTeX Font Info:    Trying to load font information for U+msa on input line 6.

("C:\Users\chris\AppData\Local\Programs\MiKTeX 2.9\tex/latex/amsfonts\umsa.fd"
File: umsa.fd 2013/01/14 v3.01 AMS symbols A
)
LaTeX Font Info:    Trying to load font information for U+msb on input line 6.
("C:\Users\chris\AppData\Local\Programs\MiKTeX 2.9\tex/latex/amsfonts\umsb.fd"
File: umsb.fd 2013/01/14 v3.01 AMS symbols B
) [3])
\tf@toc=\write4
\openout4 = `Projektbericht_main.toc'.

 [4]) (inserts/acronym/acronym.tex [5])
\c@pagecountersaving=\count278
 (sec1/sec1.tex
Package acronym Info: Label `acro:NXP' newly defined as it shall be overridden
although it is yet undefined on input line 15.
Package acronym Info: Label `acro:BLDCMot' newly defined as it shall be overrid
den
although it is yet undefined on input line 15.
 [1] [2])
(sec2/sec2.tex
<sec2/images/Grundaufbau/Grundplatte01.png, id=332, 743.77875pt x 340.27126pt>
File: sec2/images/Grundaufbau/Grundplatte01.png Graphic file (type png)
<use sec2/images/Grundaufbau/Grundplatte01.png>
Package pdftex.def Info: sec2/images/Grundaufbau/Grundplatte01.png  used on inp
ut line 18.
(pdftex.def)             Requested size: 396.91325pt x 181.589pt.
<sec2/images/Grundaufbau/Grundplatte02.png, id=334, 775.09575pt x 304.13625pt>
File: sec2/images/Grundaufbau/Grundplatte02.png Graphic file (type png)
<use sec2/images/Grundaufbau/Grundplatte02.png>
Package pdftex.def Info: sec2/images/Grundaufbau/Grundplatte02.png  used on inp
ut line 28.
(pdftex.def)             Requested size: 396.91325pt x 155.73857pt.
 [3 <./sec2/images/Grundaufbau/Grundplatte01.png> <./sec2/images/Grundaufbau/Gr
undplatte02.png>]
<sec2/images/Grundaufbau/ObereEbene01.png, id=345, 743.1765pt x 277.63725pt>
File: sec2/images/Grundaufbau/ObereEbene01.png Graphic file (type png)
<use sec2/images/Grundaufbau/ObereEbene01.png>
Package pdftex.def Info: sec2/images/Grundaufbau/ObereEbene01.png  used on inpu
t line 38.
(pdftex.def)             Requested size: 405.7355pt x 151.57831pt.
<sec2/images/Grundaufbau/ObereEbene02.png, id=346, 717.27975pt x 268.00125pt>
File: sec2/images/Grundaufbau/ObereEbene02.png Graphic file (type png)
<use sec2/images/Grundaufbau/ObereEbene02.png>
Package pdftex.def Info: sec2/images/Grundaufbau/ObereEbene02.png  used on inpu
t line 46.
(pdftex.def)             Requested size: 405.7355pt x 151.6009pt.
 [4 <./sec2/images/Grundaufbau/ObereEbene01.png> <./sec2/images/Grundaufbau/Obe
reEbene02.png>]
<sec2/images/3DAnbaukomponenten/Konstruktionsbilder/StossstangeKonstruktion01.p
ng, id=357, 613.69275pt x 206.57175pt>
File: sec2/images/3DAnbaukomponenten/Konstruktionsbilder/StossstangeKonstruktio
n01.png Graphic file (type png)
<use sec2/images/3DAnbaukomponenten/Konstruktionsbilder/StossstangeKonstruktion
01.png>
Package pdftex.def Info: sec2/images/3DAnbaukomponenten/Konstruktionsbilder/Sto
ssstangeKonstruktion01.png  used on input line 64.
(pdftex.def)             Requested size: 352.81552pt x 118.75891pt.
<sec2/images/3DAnbaukomponenten/Konstruktionsbilder/StossstangeKonstruktion02.p
ng, id=358, 685.3605pt x 181.27725pt>
File: sec2/images/3DAnbaukomponenten/Konstruktionsbilder/StossstangeKonstruktio
n02.png Graphic file (type png)
<use sec2/images/3DAnbaukomponenten/Konstruktionsbilder/StossstangeKonstruktion
02.png>
Package pdftex.def Info: sec2/images/3DAnbaukomponenten/Konstruktionsbilder/Sto
ssstangeKonstruktion02.png  used on input line 72.
(pdftex.def)             Requested size: 352.81552pt x 93.31871pt.
<sec2/images/3DAnbaukomponenten/Druckbilder/StossstangeDruck.png, id=360, 558.2
8575pt x 267.399pt>
File: sec2/images/3DAnbaukomponenten/Druckbilder/StossstangeDruck.png Graphic f
ile (type png)
<use sec2/images/3DAnbaukomponenten/Druckbilder/StossstangeDruck.png>
Package pdftex.def Info: sec2/images/3DAnbaukomponenten/Druckbilder/Stossstange
Druck.png  used on input line 82.
(pdftex.def)             Requested size: 308.71106pt x 147.86145pt.
 [5 <./sec2/images/3DAnbaukomponenten/Konstruktionsbilder/StossstangeKonstrukti
on01.png> <./sec2/images/3DAnbaukomponenten/Konstruktionsbilder/StossstangeKons
truktion02.png>]
<sec2/images/3DAnbaukomponenten/Konstruktionsbilder/UltraschallHalterungKonstru
ktion.png, id=372, 404.712pt x 335.45325pt>
File: sec2/images/3DAnbaukomponenten/Konstruktionsbilder/UltraschallHalterungKo
nstruktion.png Graphic file (type png)
<use sec2/images/3DAnbaukomponenten/Konstruktionsbilder/UltraschallHalterungKon
struktion.png>
Package pdftex.def Info: sec2/images/3DAnbaukomponenten/Konstruktionsbilder/Ult
raschallHalterungKonstruktion.png  used on input line 95.
(pdftex.def)             Requested size: 158.76286pt x 131.59401pt.
<sec2/images/3DAnbaukomponenten/Druckbilder/UltraschallHalterungDruck.png, id=3
73, 446.8695pt x 204.765pt>
File: sec2/images/3DAnbaukomponenten/Druckbilder/UltraschallHalterungDruck.png 
Graphic file (type png)
<use sec2/images/3DAnbaukomponenten/Druckbilder/UltraschallHalterungDruck.png>
Package pdftex.def Info: sec2/images/3DAnbaukomponenten/Druckbilder/Ultraschall
HalterungDruck.png  used on input line 104.
(pdftex.def)             Requested size: 214.33049pt x 98.21107pt.
<sec2/images/3DAnbaukomponenten/Montagebilder/StossstangeUltraschallHalterungMo
ntage01.png, id=376, 702.2235pt x 268.6035pt>
File: sec2/images/3DAnbaukomponenten/Montagebilder/StossstangeUltraschallHalter
ungMontage01.png Graphic file (type png)
<use sec2/images/3DAnbaukomponenten/Montagebilder/StossstangeUltraschallHalteru
ngMontage01.png>
Package pdftex.def Info: sec2/images/3DAnbaukomponenten/Montagebilder/Stossstan
geUltraschallHalterungMontage01.png  used on input line 116.
(pdftex.def)             Requested size: 343.99329pt x 131.57588pt.
<sec2/images/3DAnbaukomponenten/Montagebilder/StossstangeUltraschallHalterungMo
ntage02.png, id=377, 846.91406pt x 411.03563pt>
File: sec2/images/3DAnbaukomponenten/Montagebilder/StossstangeUltraschallHalter
ungMontage02.png Graphic file (type png)
<use sec2/images/3DAnbaukomponenten/Montagebilder/StossstangeUltraschallHalteru
ngMontage02.png>
Package pdftex.def Info: sec2/images/3DAnbaukomponenten/Montagebilder/Stossstan
geUltraschallHalterungMontage02.png  used on input line 124.
(pdftex.def)             Requested size: 308.71106pt x 149.82292pt.
 [6 <./sec2/images/3DAnbaukomponenten/Druckbilder/StossstangeDruck.png> <./sec2
/images/3DAnbaukomponenten/Konstruktionsbilder/UltraschallHalterungKonstruktion
.png> <./sec2/images/3DAnbaukomponenten/Druckbilder/UltraschallHalterungDruck.p
ng> <./sec2/images/3DAnbaukomponenten/Montagebilder/StossstangeUltraschallHalte
rungMontage01.png>]
<sec2/images/3DAnbaukomponenten/Konstruktionsbilder/AkkuHalterungKonstruktion.p
ng, id=391, 378.81525pt x 268.6035pt>
File: sec2/images/3DAnbaukomponenten/Konstruktionsbilder/AkkuHalterungKonstrukt
ion.png Graphic file (type png)
<use sec2/images/3DAnbaukomponenten/Konstruktionsbilder/AkkuHalterungKonstrukti
on.png>
Package pdftex.def Info: sec2/images/3DAnbaukomponenten/Konstruktionsbilder/Akk
uHalterungKonstruktion.png  used on input line 138.
(pdftex.def)             Requested size: 183.68726pt x 130.24385pt.

Underfull \hbox (badness 4416) in paragraph at lines 141--141
[]\T1/cmr/m/n/10.95 Abbildung 12: |Kon-struk-ti-ons-bild der
 []

<sec2/images/3DAnbaukomponenten/Druckbilder/AkkuHalterungDruck.png, id=392, 241
.50224pt x 210.7875pt>
File: sec2/images/3DAnbaukomponenten/Druckbilder/AkkuHalterungDruck.png Graphic
 file (type png)
<use sec2/images/3DAnbaukomponenten/Druckbilder/AkkuHalterungDruck.png>
Package pdftex.def Info: sec2/images/3DAnbaukomponenten/Druckbilder/AkkuHalteru
ngDruck.png  used on input line 147.
(pdftex.def)             Requested size: 168.68933pt x 147.23503pt.

Underfull \hbox (badness 10000) in paragraph at lines 150--150
[]\T1/cmr/m/n/10.95 Abbildung 13: |Ge-druck-te Akku-
 []

[7 <./sec2/images/3DAnbaukomponenten/Montagebilder/StossstangeUltraschallHalter
ungMontage02.png> <./sec2/images/3DAnbaukomponenten/Konstruktionsbilder/AkkuHal
terungKonstruktion.png> <./sec2/images/3DAnbaukomponenten/Druckbilder/AkkuHalte
rungDruck.png>]
<sec2/images/3DAnbaukomponenten/Konstruktionsbilder/SeitenschwellerKonstruktion
.png, id=405, 420.3705pt x 242.70676pt>
File: sec2/images/3DAnbaukomponenten/Konstruktionsbilder/SeitenschwellerKonstru
ktion.png Graphic file (type png)
<use sec2/images/3DAnbaukomponenten/Konstruktionsbilder/SeitenschwellerKonstruk
tion.png>
Package pdftex.def Info: sec2/images/3DAnbaukomponenten/Konstruktionsbilder/Sei
tenschwellerKonstruktion.png  used on input line 161.
(pdftex.def)             Requested size: 176.1883pt x 101.72504pt.
<sec2/images/3DAnbaukomponenten/Druckbilder/SeitenschwellerDruck.png, id=406, 4
42.0515pt x 304.7385pt>
File: sec2/images/3DAnbaukomponenten/Druckbilder/SeitenschwellerDruck.png Graph
ic file (type png)
<use sec2/images/3DAnbaukomponenten/Druckbilder/SeitenschwellerDruck.png>
Package pdftex.def Info: sec2/images/3DAnbaukomponenten/Druckbilder/Seitenschwe
llerDruck.png  used on input line 171.
(pdftex.def)             Requested size: 176.1883pt x 121.45613pt.
<sec2/images/3DAnbaukomponenten/Montagebilder/SchwellerAkkuHalterungMontage.png
, id=408, 697.4055pt x 447.47176pt>
File: sec2/images/3DAnbaukomponenten/Montagebilder/SchwellerAkkuHalterungMontag
e.png Graphic file (type png)
<use sec2/images/3DAnbaukomponenten/Montagebilder/SchwellerAkkuHalterungMontage
.png>
Package pdftex.def Info: sec2/images/3DAnbaukomponenten/Montagebilder/Schweller
AkkuHalterungMontage.png  used on input line 183.
(pdftex.def)             Requested size: 308.71106pt x 198.08305pt.
 [8 <./sec2/images/3DAnbaukomponenten/Konstruktionsbilder/SeitenschwellerKonstr
uktion.png> <./sec2/images/3DAnbaukomponenten/Druckbilder/SeitenschwellerDruck.
png> <./sec2/images/3DAnbaukomponenten/Montagebilder/SchwellerAkkuHalterungMont
age.png>]
<sec2/images/3DAnbaukomponenten/Konstruktionsbilder/ControllerHalterungKonstruk
tion.png, id=422, 563.10374pt x 257.763pt>
File: sec2/images/3DAnbaukomponenten/Konstruktionsbilder/ControllerHalterungKon
struktion.png Graphic file (type png)
<use sec2/images/3DAnbaukomponenten/Konstruktionsbilder/ControllerHalterungKons
truktion.png>
Package pdftex.def Info: sec2/images/3DAnbaukomponenten/Konstruktionsbilder/Con
trollerHalterungKonstruktion.png  used on input line 197.
(pdftex.def)             Requested size: 374.86775pt x 171.59903pt.
<sec2/images/3DAnbaukomponenten/Konstruktionsbilder/PlatinenHalterungKonstrukti
on.png, id=423, 442.65375pt x 343.2825pt>
File: sec2/images/3DAnbaukomponenten/Konstruktionsbilder/PlatinenHalterungKonst
ruktion.png Graphic file (type png)
<use sec2/images/3DAnbaukomponenten/Konstruktionsbilder/PlatinenHalterungKonstr
uktion.png>
Package pdftex.def Info: sec2/images/3DAnbaukomponenten/Konstruktionsbilder/Pla
tinenHalterungKonstruktion.png  used on input line 209.
(pdftex.def)             Requested size: 176.1883pt x 136.63484pt.
<sec2/images/3DAnbaukomponenten/Konstruktionsbilder/DisplayAbdeckungKonstruktio
n.png, id=424, 412.54124pt x 315.579pt>
File: sec2/images/3DAnbaukomponenten/Konstruktionsbilder/DisplayAbdeckungKonstr
uktion.png Graphic file (type png)
<use sec2/images/3DAnbaukomponenten/Konstruktionsbilder/DisplayAbdeckungKonstru
ktion.png>
Package pdftex.def Info: sec2/images/3DAnbaukomponenten/Konstruktionsbilder/Dis
playAbdeckungKonstruktion.png  used on input line 220.
(pdftex.def)             Requested size: 176.1883pt x 134.77658pt.
<sec2/images/3DAnbaukomponenten/Konstruktionsbilder/DruckTasterKonstruktion.png
, id=428, 258.36525pt x 165.0165pt>
File: sec2/images/3DAnbaukomponenten/Konstruktionsbilder/DruckTasterKonstruktio
n.png Graphic file (type png)
<use sec2/images/3DAnbaukomponenten/Konstruktionsbilder/DruckTasterKonstruktion
.png>
Package pdftex.def Info: sec2/images/3DAnbaukomponenten/Konstruktionsbilder/Dru
ckTasterKonstruktion.png  used on input line 237.
(pdftex.def)             Requested size: 123.48253pt x 78.86708pt.
<sec2/images/3DAnbaukomponenten/Druckbilder/ControllerHalterungDruck.png, id=42
9, 487.8225pt x 307.1475pt>
File: sec2/images/3DAnbaukomponenten/Druckbilder/ControllerHalterungDruck.png G
raphic file (type png)
<use sec2/images/3DAnbaukomponenten/Druckbilder/ControllerHalterungDruck.png>
Package pdftex.def Info: sec2/images/3DAnbaukomponenten/Druckbilder/ControllerH
alterungDruck.png  used on input line 250.
(pdftex.def)             Requested size: 209.92502pt x 132.17395pt.
<sec2/images/3DAnbaukomponenten/Druckbilder/DruckTasterDruck.png, id=430, 102.9
8476pt x 84.91725pt>
File: sec2/images/3DAnbaukomponenten/Druckbilder/DruckTasterDruck.png Graphic f
ile (type png)
<use sec2/images/3DAnbaukomponenten/Druckbilder/DruckTasterDruck.png>
Package pdftex.def Info: sec2/images/3DAnbaukomponenten/Druckbilder/DruckTaster
Druck.png  used on input line 260.
(pdftex.def)             Requested size: 134.07161pt x 110.54918pt.

Underfull \hbox (badness 10000) in paragraph at lines 263--263
[]\T1/cmr/m/n/10.95 Abbildung 22: |Ge-druck-te
 []

[9 <./sec2/images/3DAnbaukomponenten/Konstruktionsbilder/ControllerHalterungKon
struktion.png> <./sec2/images/3DAnbaukomponenten/Konstruktionsbilder/PlatinenHa
lterungKonstruktion.png> <./sec2/images/3DAnbaukomponenten/Konstruktionsbilder/
DisplayAbdeckungKonstruktion.png> <./sec2/images/3DAnbaukomponenten/Konstruktio
nsbilder/DruckTasterKonstruktion.png>]
<sec2/images/3DAnbaukomponenten/Druckbilder/DisplayAbdeckungDruck.png, id=443, 
466.1415pt x 386.6445pt>
File: sec2/images/3DAnbaukomponenten/Druckbilder/DisplayAbdeckungDruck.png Grap
hic file (type png)
<use sec2/images/3DAnbaukomponenten/Druckbilder/DisplayAbdeckungDruck.png>
Package pdftex.def Info: sec2/images/3DAnbaukomponenten/Druckbilder/DisplayAbde
ckungDruck.png  used on input line 273.
(pdftex.def)             Requested size: 186.54971pt x 154.73766pt.

Underfull \hbox (badness 10000) in paragraph at lines 276--276
[]\T1/cmr/m/n/10.95 Abbildung 23: |Ge-druck-te Platinen-
 []

<sec2/images/3DAnbaukomponenten/Druckbilder/PlatinenHalterungDruck.png, id=444,
 396.88275pt x 243.309pt>
File: sec2/images/3DAnbaukomponenten/Druckbilder/PlatinenHalterungDruck.png Gra
phic file (type png)
<use sec2/images/3DAnbaukomponenten/Druckbilder/PlatinenHalterungDruck.png>
Package pdftex.def Info: sec2/images/3DAnbaukomponenten/Druckbilder/PlatinenHal
terungDruck.png  used on input line 282.
(pdftex.def)             Requested size: 186.54971pt x 114.36267pt.

Underfull \hbox (badness 10000) in paragraph at lines 285--285
[]\T1/cmr/m/n/10.95 Abbildung 24: |Ge-druck-te Platinen-
 []

<sec2/images/3DAnbaukomponenten/Montagebilder/ControllerMontage.png, id=447, 67
5.7245pt x 451.6875pt>
File: sec2/images/3DAnbaukomponenten/Montagebilder/ControllerMontage.png Graphi
c file (type png)
<use sec2/images/3DAnbaukomponenten/Montagebilder/ControllerMontage.png>
Package pdftex.def Info: sec2/images/3DAnbaukomponenten/Montagebilder/Controlle
rMontage.png  used on input line 294.
(pdftex.def)             Requested size: 374.86775pt x 250.57924pt.
[10 <./sec2/images/3DAnbaukomponenten/Druckbilder/ControllerHalterungDruck.png>
 <./sec2/images/3DAnbaukomponenten/Druckbilder/DruckTasterDruck.png> <./sec2/im
ages/3DAnbaukomponenten/Druckbilder/DisplayAbdeckungDruck.png> <./sec2/images/3
DAnbaukomponenten/Druckbilder/PlatinenHalterungDruck.png>]
<sec2/images/3DAnbaukomponenten/Montagebilder/AbdeckungMontage.png, id=458, 668
.4975pt x 438.438pt>
File: sec2/images/3DAnbaukomponenten/Montagebilder/AbdeckungMontage.png Graphic
 file (type png)
<use sec2/images/3DAnbaukomponenten/Montagebilder/AbdeckungMontage.png>
Package pdftex.def Info: sec2/images/3DAnbaukomponenten/Montagebilder/Abdeckung
Montage.png  used on input line 302.
(pdftex.def)             Requested size: 374.86775pt x 245.86479pt.
 [11 <./sec2/images/3DAnbaukomponenten/Montagebilder/ControllerMontage.png> <./
sec2/images/3DAnbaukomponenten/Montagebilder/AbdeckungMontage.png>]
<sec2/images/3DAnbaukomponenten/Konstruktionsbilder/MotorcontrollerHalterungKon
struktion.png, id=469, 349.90726pt x 207.77625pt>
File: sec2/images/3DAnbaukomponenten/Konstruktionsbilder/MotorcontrollerHalteru
ngKonstruktion.png Graphic file (type png)
<use sec2/images/3DAnbaukomponenten/Konstruktionsbilder/MotorcontrollerHalterun
gKonstruktion.png>
Package pdftex.def Info: sec2/images/3DAnbaukomponenten/Konstruktionsbilder/Mot
orcontrollerHalterungKonstruktion.png  used on input line 319.
(pdftex.def)             Requested size: 165.82372pt x 98.46646pt.
<sec2/images/3DAnbaukomponenten/Druckbilder/MotorcontrollerHalterungDruck.png, 
id=470, 306.54526pt x 184.89075pt>
File: sec2/images/3DAnbaukomponenten/Druckbilder/MotorcontrollerHalterungDruck.
png Graphic file (type png)
<use sec2/images/3DAnbaukomponenten/Druckbilder/MotorcontrollerHalterungDruck.p
ng>
Package pdftex.def Info: sec2/images/3DAnbaukomponenten/Druckbilder/Motorcontro
llerHalterungDruck.png  used on input line 329.
(pdftex.def)             Requested size: 186.54971pt x 112.5208pt.

Underfull \hbox (badness 10000) in paragraph at lines 332--332
[]\T1/cmr/m/n/10.95 Abbildung 28: |Ge-druck-te
 []

<sec2/images/3DAnbaukomponenten/Montagebilder/MotorcontrollerHalterungMontage.p
ng, id=472, 499.8675pt x 289.08pt>
File: sec2/images/3DAnbaukomponenten/Montagebilder/MotorcontrollerHalterungMont
age.png Graphic file (type png)
<use sec2/images/3DAnbaukomponenten/Montagebilder/MotorcontrollerHalterungMonta
ge.png>
Package pdftex.def Info: sec2/images/3DAnbaukomponenten/Montagebilder/Motorcont
rollerHalterungMontage.png  used on input line 344.
(pdftex.def)             Requested size: 374.86775pt x 216.80063pt.
[12 <./sec2/images/3DAnbaukomponenten/Konstruktionsbilder/MotorcontrollerHalter
ungKonstruktion.png> <./sec2/images/3DAnbaukomponenten/Druckbilder/Motorcontrol
lerHalterungDruck.png> <./sec2/images/3DAnbaukomponenten/Montagebilder/Motorcon
trollerHalterungMontage.png>]
<sec2/images/3DAnbaukomponenten/Konstruktionsbilder/PlatinenHalterungenKonstruk
tion.png, id=484, 239.6955pt x 299.31825pt>
File: sec2/images/3DAnbaukomponenten/Konstruktionsbilder/PlatinenHalterungenKon
struktion.png Graphic file (type png)
<use sec2/images/3DAnbaukomponenten/Konstruktionsbilder/PlatinenHalterungenKons
truktion.png>
Package pdftex.def Info: sec2/images/3DAnbaukomponenten/Konstruktionsbilder/Pla
tinenHalterungenKonstruktion.png  used on input line 359.
(pdftex.def)             Requested size: 88.2022pt x 110.14314pt.
<sec2/images/3DAnbaukomponenten/Druckbilder/PlatinenHalterungenDruck.png, id=48
5, 314.3745pt x 155.3805pt>
File: sec2/images/3DAnbaukomponenten/Druckbilder/PlatinenHalterungenDruck.png G
raphic file (type png)
<use sec2/images/3DAnbaukomponenten/Druckbilder/PlatinenHalterungenDruck.png>
Package pdftex.def Info: sec2/images/3DAnbaukomponenten/Druckbilder/PlatinenHal
terungenDruck.png  used on input line 369.
(pdftex.def)             Requested size: 214.33049pt x 105.93709pt.
<sec2/images/3DAnbaukomponenten/Montagebilder/PlatinenHalterungenMontage.png, i
d=487, 638.98724pt x 364.9635pt>
File: sec2/images/3DAnbaukomponenten/Montagebilder/PlatinenHalterungenMontage.p
ng Graphic file (type png)
<use sec2/images/3DAnbaukomponenten/Montagebilder/PlatinenHalterungenMontage.pn
g>
Package pdftex.def Info: sec2/images/3DAnbaukomponenten/Montagebilder/PlatinenH
alterungenMontage.png  used on input line 382.
(pdftex.def)             Requested size: 396.91325pt x 226.70383pt.
 [13 <./sec2/images/3DAnbaukomponenten/Konstruktionsbilder/PlatinenHalterungenK
onstruktion.png> <./sec2/images/3DAnbaukomponenten/Druckbilder/PlatinenHalterun
genDruck.png> <./sec2/images/3DAnbaukomponenten/Montagebilder/PlatinenHalterung
enMontage.png>]
<sec2/images/3DAnbaukomponenten/Konstruktionsbilder/KameraHalterungKonstruktion
02.png, id=499, 410.13225pt x 363.759pt>
File: sec2/images/3DAnbaukomponenten/Konstruktionsbilder/KameraHalterungKonstru
ktion02.png Graphic file (type png)
<use sec2/images/3DAnbaukomponenten/Konstruktionsbilder/KameraHalterungKonstruk
tion02.png>
Package pdftex.def Info: sec2/images/3DAnbaukomponenten/Konstruktionsbilder/Kam
eraHalterungKonstruktion02.png  used on input line 397.
(pdftex.def)             Requested size: 155.23969pt x 137.6859pt.

Underfull \hbox (badness 10000) in paragraph at lines 400--400
[]\T1/cmr/m/n/10.95 Abbildung 33: |Kameramontage-
 []

<sec2/images/3DAnbaukomponenten/Konstruktionsbilder/KameraHalterungKonstruktion
01.png, id=500, 550.4565pt x 312.56775pt>
File: sec2/images/3DAnbaukomponenten/Konstruktionsbilder/KameraHalterungKonstru
ktion01.png Graphic file (type png)
<use sec2/images/3DAnbaukomponenten/Konstruktionsbilder/KameraHalterungKonstruk
tion01.png>
Package pdftex.def Info: sec2/images/3DAnbaukomponenten/Konstruktionsbilder/Kam
eraHalterungKonstruktion01.png  used on input line 407.
(pdftex.def)             Requested size: 176.40776pt x 100.1668pt.

Underfull \hbox (badness 10000) in paragraph at lines 410--410
[]\T1/cmr/m/n/10.95 Abbildung 34: |Stangenmontage-
 []

Package acronym Info: Label `acro:ABS' newly defined as it shall be overridden
although it is yet undefined on input line 417.
Package acronym Info: Label `acro:SLA' newly defined as it shall be overridden
although it is yet undefined on input line 417.
<sec2/images/3DAnbaukomponenten/Montagebilder/KameraHalterungMontage.jpg, id=50
4, 2846.38406pt x 2048.40282pt>
File: sec2/images/3DAnbaukomponenten/Montagebilder/KameraHalterungMontage.jpg G
raphic file (type jpg)
<use sec2/images/3DAnbaukomponenten/Montagebilder/KameraHalterungMontage.jpg>
Package pdftex.def Info: sec2/images/3DAnbaukomponenten/Montagebilder/KameraHal
terungMontage.jpg  used on input line 422.
(pdftex.def)             Requested size: 352.81552pt x 253.89305pt.
[14 <./sec2/images/3DAnbaukomponenten/Konstruktionsbilder/KameraHalterungKonstr
uktion02.png> <./sec2/images/3DAnbaukomponenten/Konstruktionsbilder/KameraHalte
rungKonstruktion01.png>] [15 <./sec2/images/3DAnbaukomponenten/Montagebilder/Ka
meraHalterungMontage.jpg>]) (sec3/sec3.tex
<sec3/images/Controllerplatine.jpeg, id=521, 449.88075pt x 322.20375pt>
File: sec3/images/Controllerplatine.jpeg Graphic file (type jpg)
<use sec3/images/Controllerplatine.jpeg>
Package pdftex.def Info: sec3/images/Controllerplatine.jpeg  used on input line
 16.
(pdftex.def)             Requested size: 396.91325pt x 284.26779pt.
 [16 <./sec3/images/Controllerplatine.jpeg>]) (sec4/sec4.tex
Package acronym Info: Label `acro:RC' newly defined as it shall be overridden
although it is yet undefined on input line 17.
Package acronym Info: Label `acro:ESC' newly defined as it shall be overridden
although it is yet undefined on input line 17.
Package acronym Info: Label `acro:PWM' newly defined as it shall be overridden
although it is yet undefined on input line 17.
<sec4/images/Skizze_BLDC_ESC.jpeg, id=540, 696.6025pt x 344.28625pt>
File: sec4/images/Skizze_BLDC_ESC.jpeg Graphic file (type jpg)
<use sec4/images/Skizze_BLDC_ESC.jpeg>
Package pdftex.def Info: sec4/images/Skizze_BLDC_ESC.jpeg  used on input line 2
0.
(pdftex.def)             Requested size: 396.91325pt x 196.1664pt.
 [17 <./sec4/images/Skizze_BLDC_ESC.jpeg>]
<sec4/images/MontageMotorUebersetzung.jpg, id=560, 3802.205pt x 3172.85374pt>
File: sec4/images/MontageMotorUebersetzung.jpg Graphic file (type jpg)
<use sec4/images/MontageMotorUebersetzung.jpg>
Package pdftex.def Info: sec4/images/MontageMotorUebersetzung.jpg  used on inpu
t line 34.
(pdftex.def)             Requested size: 396.91325pt x 331.19872pt.
 [18 <./sec4/images/MontageMotorUebersetzung.jpg>]
<sec4/images/BLDCInit.jpeg, id=581, 555.07375pt x 184.69pt>
File: sec4/images/BLDCInit.jpeg Graphic file (type jpg)
<use sec4/images/BLDCInit.jpeg>
Package pdftex.def Info: sec4/images/BLDCInit.jpeg  used on input line 46.
(pdftex.def)             Requested size: 308.71106pt x 102.71832pt.
<sec4/images/Config_BLHeliSuite.png, id=592, 581.92406pt x 395.22656pt>
File: sec4/images/Config_BLHeliSuite.png Graphic file (type png)
<use sec4/images/Config_BLHeliSuite.png>
Package pdftex.def Info: sec4/images/Config_BLHeliSuite.png  used on input line
 58.
(pdftex.def)             Requested size: 330.76329pt x 224.64825pt.
 [19 <./sec4/images/BLDCInit.jpeg>]
<sec4/images/ESC_config.jpeg, id=608, 773.89125pt x 451.6875pt>
File: sec4/images/ESC_config.jpeg Graphic file (type jpg)
<use sec4/images/ESC_config.jpeg>
Package pdftex.def Info: sec4/images/ESC_config.jpeg  used on input line 68.
(pdftex.def)             Requested size: 330.76329pt x 193.05016pt.

[20 <./sec4/images/Config_BLHeliSuite.png> <./sec4/images/ESC_config.jpeg>]
<sec4/images/DriveH.png, id=624, 354.57469pt x 359.84438pt>
File: sec4/images/DriveH.png Graphic file (type png)
<use sec4/images/DriveH.png>
Package pdftex.def Info: sec4/images/DriveH.png  used on input line 82.
(pdftex.def)             Requested size: 220.50887pt x 223.79303pt.
Package acronym Info: Label `acro:CPU' newly defined as it shall be overridden
although it is yet undefined on input line 89.

[21 <./sec4/images/DriveH.png>]
<sec4/images/DriveC1.png, id=645, 685.8122pt x 534.49687pt>
File: sec4/images/DriveC1.png Graphic file (type png)
<use sec4/images/DriveC1.png>
Package pdftex.def Info: sec4/images/DriveC1.png  used on input line 97.
(pdftex.def)             Requested size: 410.14325pt x 319.65665pt.
 [22 <./sec4/images/DriveC1.png>]
<sec4/images/DriveC2.png, id=662, 487.8225pt x 335.75438pt>
File: sec4/images/DriveC2.png Graphic file (type png)
<use sec4/images/DriveC2.png>
Package pdftex.def Info: sec4/images/DriveC2.png  used on input line 109.
(pdftex.def)             Requested size: 330.76329pt x 227.65417pt.
 [23 <./sec4/images/DriveC2.png>]
Package acronym Info: Label `acro:DCMot' newly defined as it shall be overridde
n
although it is yet undefined on input line 123.
<sec4/images/Pruefstand_Messung_UAbhängigkeit.jpeg, id=680, 1204.5pt x 903.375
pt>
File: sec4/images/Pruefstand_Messung_UAbhängigkeit.jpeg Graphic file (type jpg
)
<use sec4/images/Pruefstand_Messung_UAbhängigkeit.jpeg>
Package pdftex.def Info: sec4/images/Pruefstand_Messung_UAbhängigkeit.jpeg  us
ed on input line 129.
(pdftex.def)             Requested size: 330.76329pt x 248.0774pt.
 [24 <./sec4/images/Pruefstand_Messung_UAbhängigkeit.jpeg>]
<sec4/images/PruefstandMess02.png, id=704, 517.935pt x 343.88475pt>
File: sec4/images/PruefstandMess02.png Graphic file (type png)
<use sec4/images/PruefstandMess02.png>
Package pdftex.def Info: sec4/images/PruefstandMess02.png  used on input line 1
71.
(pdftex.def)             Requested size: 396.91325pt x 263.54323pt.

[25] [26 <./sec4/images/PruefstandMess02.png>]) (sec5/sec5.tex
<sec5/images/Servo.jpg, id=732, 399.4925pt x 426.59375pt>
File: sec5/images/Servo.jpg Graphic file (type jpg)
<use sec5/images/Servo.jpg>
Package pdftex.def Info: sec5/images/Servo.jpg  used on input line 20.
(pdftex.def)             Requested size: 220.50887pt x 235.46698pt.
 [27 <./sec5/images/Servo.jpg>]
<sec5/images/MontageLenkungskomponenten.jpg, id=746, 5068.9375pt x 2455.1725pt>

File: sec5/images/MontageLenkungskomponenten.jpg Graphic file (type jpg)
<use sec5/images/MontageLenkungskomponenten.jpg>
Package pdftex.def Info: sec5/images/MontageLenkungskomponenten.jpg  used on in
put line 35.
(pdftex.def)             Requested size: 396.91325pt x 192.22197pt.
 [28 <./sec5/images/MontageLenkungskomponenten.jpg>]
<sec5/images/ServoH.png, id=756, 598.48593pt x 248.42813pt>
File: sec5/images/ServoH.png Graphic file (type png)
<use sec5/images/ServoH.png>
Package pdftex.def Info: sec5/images/ServoH.png  used on input line 50.
(pdftex.def)             Requested size: 396.91325pt x 164.75911pt.
 [29 <./sec5/images/ServoH.png>]
<sec5/images/ServoC.png, id=773, 599.23875pt x 557.08125pt>
File: sec5/images/ServoC.png Graphic file (type png)
<use sec5/images/ServoC.png>
Package pdftex.def Info: sec5/images/ServoC.png  used on input line 64.
(pdftex.def)             Requested size: 396.91325pt x 369.00082pt.
 [30 <./sec5/images/ServoC.png>] [31]) (sec6/sec6.tex
<sec6/images/Display_PCB.png, id=793, 328.22626pt x 268.75406pt>
File: sec6/images/Display_PCB.png Graphic file (type png)
<use sec6/images/Display_PCB.png>
Package pdftex.def Info: sec6/images/Display_PCB.png  used on input line 20.
(pdftex.def)             Requested size: 330.76329pt x 270.83662pt.
<sec6/images/Display_PCB2.png, id=794, 342.5297pt x 181.42781pt>
File: sec6/images/Display_PCB2.png Graphic file (type png)
<use sec6/images/Display_PCB2.png>
Package pdftex.def Info: sec6/images/Display_PCB2.png  used on input line 28.
(pdftex.def)             Requested size: 396.91325pt x 210.24878pt.

[32 <./sec6/images/Display_PCB.png>] [33 <./sec6/images/Display_PCB2.png>])
(sec7/sec7.tex [34]) (sec8/sec8.tex [35]) (sec9/sec9.tex [36]) (sec10/sec10.tex
[37]) (sec11/sec11.tex [38]) (inserts/graphics/graphics.tex
(Projektbericht_main.lof [6]
Overfull \hbox (1.75204pt too wide) in paragraph at lines 50--50
 [][] [][][]\T1/cmr/m/n/10.95 Funktionen SER-VO_Init, CTI-MER1_Init und SER-VO_
Demo der Da-tei drive.c[][] [][]  
 []

)
\tf@lof=\write5
\openout5 = `Projektbericht_main.lof'.

 [7]) (inserts/sources/sources.tex (Projektbericht_main.bbl
LaTeX Font Info:    Trying to load font information for T1+cmtt on input line 1
6.

("C:\Users\chris\AppData\Local\Programs\MiKTeX 2.9\tex/latex/base\t1cmtt.fd"
File: t1cmtt.fd 2019/12/16 v2.5j Standard LaTeX font definitions
)
Underfull \hbox (badness 10000) in paragraph at lines 25--32
\T1/cmtt/m/n/10.95 t -[] s t u d e n t -[] t e a m s -[] w o r k -[] f r o m -[
] h o m e -[] t o -[] w i n -[] t h e -[] n x p -[] c u p -[] e l e c t r o m a
 k e r -[] i n n o v
 []

) [8]) (attachement/attachement.tex [9]) (Projektbericht_main.aux)
Package rerunfilecheck Info: File `Projektbericht_main.out' has not changed.
(rerunfilecheck)             Checksum: 332BC06992E4DB9D4E3A2867019E84FB;3525.
 ) 
Here is how much of TeX's memory you used:
 9784 strings out of 480202
 176978 string characters out of 2877025
 476707 words of memory out of 3000000
 25838 multiletter control sequences out of 15000+200000
 549080 words of font info for 62 fonts, out of 3000000 for 9000
 1141 hyphenation exceptions out of 8191
 64i,12n,68p,1457b,541s stack positions out of 5000i,500n,10000p,200000b,50000s
 <C:\Users\chris\AppData\Local\MiKTeX\2.9\fonts/pk/ljfour/jknappen/ec/dpi600\
ectt1095.pk> <C:\Users\chris\AppData\Local\MiKTeX\2.9\fonts/pk/ljfour/jknappen/
ec/dpi600\tcti1095.pk> <C:\Users\chris\AppData\Local\MiKTeX\2.9\fonts/pk/ljfour
/jknappen/ec/dpi600\ecti1095.pk> <C:\Users\chris\AppData\Local\MiKTeX\2.9\fonts
/pk/ljfour/jknappen/ec/dpi600\eccc1095.pk> <C:\Users\chris\AppData\Local\MiKTeX
\2.9\fonts/pk/ljfour/jknappen/ec/dpi600\ecrm0800.pk> <C:\Users\chris\AppData\Lo
cal\MiKTeX\2.9\fonts/pk/ljfour/jknappen/ec/dpi600\tcrm1095.pk> <C:\Users\chris\
AppData\Local\MiKTeX\2.9\fonts/pk/ljfour/jknappen/ec/dpi600\ecbx1095.pk> <C:\Us
ers\chris\AppData\Local\MiKTeX\2.9\fonts/pk/ljfour/jknappen/ec/dpi600\ecrm1000.
pk> <C:\Users\chris\AppData\Local\MiKTeX\2.9\fonts/pk/ljfour/jknappen/ec/dpi600
\ecrm1200.pk> <C:\Users\chris\AppData\Local\MiKTeX\2.9\fonts/pk/ljfour/jknappen
/ec/dpi600\ecbx1440.pk> <C:\Users\chris\AppData\Local\MiKTeX\2.9\fonts/pk/ljfou
r/jknappen/ec/dpi600\ecrm1095.pk> <C:\Users\chris\AppData\Local\MiKTeX\2.9\font
s/pk/ljfour/jknappen/ec/dpi600\eccc1200.pk> <C:\Users\chris\AppData\Local\MiKTe
X\2.9\fonts/pk/ljfour/jknappen/ec/dpi600\ecbx1200.pk><C:/Users/chris/AppData/Lo
cal/Programs/MiKTeX 2.9/fonts/type1/public/amsfonts/cm/cmmi10.pfb><C:/Users/chr
is/AppData/Local/Programs/MiKTeX 2.9/fonts/type1/public/amsfonts/cm/cmmi8.pfb><
C:/Users/chris/AppData/Local/Programs/MiKTeX 2.9/fonts/type1/public/amsfonts/cm
/cmr10.pfb><C:/Users/chris/AppData/Local/Programs/MiKTeX 2.9/fonts/type1/public
/amsfonts/cm/cmsy10.pfb>
Output written on Projektbericht_main.pdf (47 pages, 23133969 bytes).
PDF statistics:
 1471 PDF objects out of 1728 (max. 8388607)
 172 named destinations out of 1000 (max. 500000)
 650 words of extra memory for PDF output out of 10000 (max. 10000000)

